[19:04:11.671] INFO (494019): MongoDB connected - DB HOST: ac-dlsyxkz-shard-00-00.pnhx00y.mongodb.net
[19:04:11.672] INFO (494019): DB PORT: 27017
[19:04:11.672] INFO (494019): DB NAME: test
[19:04:11.679] INFO (494019): Server Running on Port: 8000
[19:05:01.284] INFO (494019): request completed
    req: {
      "id": 1,
      "method": "GET",
      "url": "/api/posts/get-posts?page=1",
      "query": {
        "page": "1"
      },
      "params": {},
      "headers": {
        "host": "localhost:8000",
        "connection": "keep-alive",
        "sec-ch-ua": "\"Not)A;Brand\";v=\"99\", \"Google Chrome\";v=\"127\", \"Chromium\";v=\"127\"",
        "accept": "application/json, text/plain, */*",
        "sec-ch-ua-mobile": "?0",
        "user-agent": "Mozilla/5.0 (X11; Linux x86_64) AppleWebKit/537.36 (KHTML, like Gecko) Chrome/127.0.0.0 Safari/537.36",
        "sec-ch-ua-platform": "\"Linux\"",
        "origin": "http://localhost:3000",
        "sec-fetch-site": "same-site",
        "sec-fetch-mode": "cors",
        "sec-fetch-dest": "empty",
        "referer": "http://localhost:3000/",
        "accept-encoding": "gzip, deflate, br, zstd",
        "accept-language": "en-GB,en-US;q=0.9,en;q=0.8",
        "cookie": "next-auth.csrf-token=ae256feb2357cf8a0c5bc44d06e1e069d8568c0e21c690a40f29b4ea61ccc7ed%7C150e17ef3536537c71d3ff479e6560b81924c28c4edfe6c04b815befc9e66b85; next-auth.callback-url=http%3A%2F%2Flocalhost%3A3000%2Flogin%3Fnext%3D%25252Fdocuments; __stripe_mid=6ec8bf93-2a00-4bd9-8806-76e7c7c23d4f56caac; hideProBanner=pro-banner; next-auth.session-token=eyJhbGciOiJkaXIiLCJlbmMiOiJBMjU2R0NNIn0..jtz46dHKpek7tvyj.CIlhccUmoXVGVxQeYZGBcvBDAh7LFGnbhNqsYkPHWqK2i0jrQnJWNMr36l2T0qvTn8tf-e6PnTsImseepC5B1ZJnQ11X2Rfq3OfLwss5pLN-Hfeioihh-gyBYzzdiUYhr5dz2rcJwp59jBcpNx5UbpxFwPII-3GzfyTgaAA2TPfzvk1sNCugOMYcEYRXYulZOosqnRq4zsQd-XjZgnPbBMpyCEQ8vwRCqXqQotJqJFy8YnuTzZ_Kn923or6ob-n2iBPxwwEJI2eBIwjB8hxz5_aTLDf-eCwXy7M4TMih_D7mRDd_lkyv6PrgK05VZMGO7248_FQNx6VQ9zinEWT3HaeAKhAUBDmvYI82biHdHp4KMJQmdcGaU-pSAknpu5jUDScZ6fifds-LPLJLjdo4GZSUtWMO8GBQLqptsdG8wuEZtW-ctRa4jjIltdhrbhjO8bg36gzNwOlFEXFOoeUBRbYN1HpS16Df8bjF0gaNk6sQ8PdOQv668-tlMDULLKoDUQdH_xB2s2HqEU1UA02Mjn14b1NT9EklU_95SQTdp2rbwfkOMo3BD3TZdaMYvfekz5DLAYZtCL-o9GEk.MAykwX1Erx9Xqo9T4SlfzA; accessToken=eyJhbGciOiJIUzI1NiIsInR5cCI6IkpXVCJ9.eyJfaWQiOiI2NmYxODUxNjFmYmQ1NzBiMzllNmExMzciLCJlbWFpbCI6InRlc3RAdGVzdC5jb20iLCJpYXQiOjE3Mjg2NTI3MjgsImV4cCI6MTcyOTUxNjcyOH0.19_YGnx0AQyYNTRgXGcvw7LEYmWEV2qzlzXANXnh1ow; refreshToken=eyJhbGciOiJIUzI1NiIsInR5cCI6IkpXVCJ9.eyJfaWQiOiI2NmYxODUxNjFmYmQ1NzBiMzllNmExMzciLCJpYXQiOjE3Mjg2NTI3MjgsImV4cCI6MTczMTI0NDcyOH0.IbwouLWPxvF97Y0YUS_lqgF1DyiXlrrAPHha4qNdKtw",
        "if-none-match": "W/\"2c69-4aLu857rOXwgQJjAjOdfGaHjMIo\""
      },
      "remoteAddress": "::1",
      "remotePort": 47002
    }
    res: {
      "statusCode": 304,
      "headers": {
        "access-control-allow-origin": "http://localhost:3000",
        "vary": "Origin",
        "access-control-allow-credentials": "true",
        "content-security-policy": "default-src 'self';base-uri 'self';font-src 'self' https: data:;form-action 'self';frame-ancestors 'self';img-src 'self' data:;object-src 'none';script-src 'self';script-src-attr 'none';style-src 'self' https: 'unsafe-inline';upgrade-insecure-requests",
        "cross-origin-opener-policy": "same-origin",
        "cross-origin-resource-policy": "same-origin",
        "origin-agent-cluster": "?1",
        "referrer-policy": "no-referrer",
        "strict-transport-security": "max-age=15552000; includeSubDomains",
        "x-content-type-options": "nosniff",
        "x-dns-prefetch-control": "off",
        "x-download-options": "noopen",
        "x-frame-options": "SAMEORIGIN",
        "x-permitted-cross-domain-policies": "none",
        "x-xss-protection": "0",
        "etag": "W/\"2c69-4aLu857rOXwgQJjAjOdfGaHjMIo\""
      }
    }
    responseTime: 253
[19:10:02.141] INFO (494019): request completed
    req: {
      "id": 2,
      "method": "GET",
      "url": "/api/posts/get-posts?page=1",
      "query": {
        "page": "1"
      },
      "params": {},
      "headers": {
        "host": "localhost:8000",
        "connection": "keep-alive",
        "sec-ch-ua": "\"Not)A;Brand\";v=\"99\", \"Google Chrome\";v=\"127\", \"Chromium\";v=\"127\"",
        "accept": "application/json, text/plain, */*",
        "sec-ch-ua-mobile": "?0",
        "user-agent": "Mozilla/5.0 (X11; Linux x86_64) AppleWebKit/537.36 (KHTML, like Gecko) Chrome/127.0.0.0 Safari/537.36",
        "sec-ch-ua-platform": "\"Linux\"",
        "origin": "http://localhost:3000",
        "sec-fetch-site": "same-site",
        "sec-fetch-mode": "cors",
        "sec-fetch-dest": "empty",
        "referer": "http://localhost:3000/",
        "accept-encoding": "gzip, deflate, br, zstd",
        "accept-language": "en-GB,en-US;q=0.9,en;q=0.8",
        "cookie": "next-auth.csrf-token=ae256feb2357cf8a0c5bc44d06e1e069d8568c0e21c690a40f29b4ea61ccc7ed%7C150e17ef3536537c71d3ff479e6560b81924c28c4edfe6c04b815befc9e66b85; next-auth.callback-url=http%3A%2F%2Flocalhost%3A3000%2Flogin%3Fnext%3D%25252Fdocuments; __stripe_mid=6ec8bf93-2a00-4bd9-8806-76e7c7c23d4f56caac; hideProBanner=pro-banner; next-auth.session-token=eyJhbGciOiJkaXIiLCJlbmMiOiJBMjU2R0NNIn0..jtz46dHKpek7tvyj.CIlhccUmoXVGVxQeYZGBcvBDAh7LFGnbhNqsYkPHWqK2i0jrQnJWNMr36l2T0qvTn8tf-e6PnTsImseepC5B1ZJnQ11X2Rfq3OfLwss5pLN-Hfeioihh-gyBYzzdiUYhr5dz2rcJwp59jBcpNx5UbpxFwPII-3GzfyTgaAA2TPfzvk1sNCugOMYcEYRXYulZOosqnRq4zsQd-XjZgnPbBMpyCEQ8vwRCqXqQotJqJFy8YnuTzZ_Kn923or6ob-n2iBPxwwEJI2eBIwjB8hxz5_aTLDf-eCwXy7M4TMih_D7mRDd_lkyv6PrgK05VZMGO7248_FQNx6VQ9zinEWT3HaeAKhAUBDmvYI82biHdHp4KMJQmdcGaU-pSAknpu5jUDScZ6fifds-LPLJLjdo4GZSUtWMO8GBQLqptsdG8wuEZtW-ctRa4jjIltdhrbhjO8bg36gzNwOlFEXFOoeUBRbYN1HpS16Df8bjF0gaNk6sQ8PdOQv668-tlMDULLKoDUQdH_xB2s2HqEU1UA02Mjn14b1NT9EklU_95SQTdp2rbwfkOMo3BD3TZdaMYvfekz5DLAYZtCL-o9GEk.MAykwX1Erx9Xqo9T4SlfzA; accessToken=eyJhbGciOiJIUzI1NiIsInR5cCI6IkpXVCJ9.eyJfaWQiOiI2NmYxODUxNjFmYmQ1NzBiMzllNmExMzciLCJlbWFpbCI6InRlc3RAdGVzdC5jb20iLCJpYXQiOjE3Mjg2NTI3MjgsImV4cCI6MTcyOTUxNjcyOH0.19_YGnx0AQyYNTRgXGcvw7LEYmWEV2qzlzXANXnh1ow; refreshToken=eyJhbGciOiJIUzI1NiIsInR5cCI6IkpXVCJ9.eyJfaWQiOiI2NmYxODUxNjFmYmQ1NzBiMzllNmExMzciLCJpYXQiOjE3Mjg2NTI3MjgsImV4cCI6MTczMTI0NDcyOH0.IbwouLWPxvF97Y0YUS_lqgF1DyiXlrrAPHha4qNdKtw",
        "if-none-match": "W/\"2c69-4aLu857rOXwgQJjAjOdfGaHjMIo\""
      },
      "remoteAddress": "::1",
      "remotePort": 58560
    }
    res: {
      "statusCode": 304,
      "headers": {
        "access-control-allow-origin": "http://localhost:3000",
        "vary": "Origin",
        "access-control-allow-credentials": "true",
        "content-security-policy": "default-src 'self';base-uri 'self';font-src 'self' https: data:;form-action 'self';frame-ancestors 'self';img-src 'self' data:;object-src 'none';script-src 'self';script-src-attr 'none';style-src 'self' https: 'unsafe-inline';upgrade-insecure-requests",
        "cross-origin-opener-policy": "same-origin",
        "cross-origin-resource-policy": "same-origin",
        "origin-agent-cluster": "?1",
        "referrer-policy": "no-referrer",
        "strict-transport-security": "max-age=15552000; includeSubDomains",
        "x-content-type-options": "nosniff",
        "x-dns-prefetch-control": "off",
        "x-download-options": "noopen",
        "x-frame-options": "SAMEORIGIN",
        "x-permitted-cross-domain-policies": "none",
        "x-xss-protection": "0",
        "etag": "W/\"2c69-4aLu857rOXwgQJjAjOdfGaHjMIo\""
      }
    }
    responseTime: 368
[19:18:53.161] INFO (494019): request completed
    req: {
      "id": 3,
      "method": "GET",
      "url": "/api/posts/get-posts?page=1",
      "query": {
        "page": "1"
      },
      "params": {},
      "headers": {
        "host": "localhost:8000",
        "connection": "keep-alive",
        "sec-ch-ua": "\"Not)A;Brand\";v=\"99\", \"Google Chrome\";v=\"127\", \"Chromium\";v=\"127\"",
        "accept": "application/json, text/plain, */*",
        "sec-ch-ua-mobile": "?0",
        "user-agent": "Mozilla/5.0 (X11; Linux x86_64) AppleWebKit/537.36 (KHTML, like Gecko) Chrome/127.0.0.0 Safari/537.36",
        "sec-ch-ua-platform": "\"Linux\"",
        "origin": "http://localhost:3000",
        "sec-fetch-site": "same-site",
        "sec-fetch-mode": "cors",
        "sec-fetch-dest": "empty",
        "referer": "http://localhost:3000/",
        "accept-encoding": "gzip, deflate, br, zstd",
        "accept-language": "en-GB,en-US;q=0.9,en;q=0.8",
        "cookie": "next-auth.csrf-token=ae256feb2357cf8a0c5bc44d06e1e069d8568c0e21c690a40f29b4ea61ccc7ed%7C150e17ef3536537c71d3ff479e6560b81924c28c4edfe6c04b815befc9e66b85; next-auth.callback-url=http%3A%2F%2Flocalhost%3A3000%2Flogin%3Fnext%3D%25252Fdocuments; __stripe_mid=6ec8bf93-2a00-4bd9-8806-76e7c7c23d4f56caac; hideProBanner=pro-banner; next-auth.session-token=eyJhbGciOiJkaXIiLCJlbmMiOiJBMjU2R0NNIn0..jtz46dHKpek7tvyj.CIlhccUmoXVGVxQeYZGBcvBDAh7LFGnbhNqsYkPHWqK2i0jrQnJWNMr36l2T0qvTn8tf-e6PnTsImseepC5B1ZJnQ11X2Rfq3OfLwss5pLN-Hfeioihh-gyBYzzdiUYhr5dz2rcJwp59jBcpNx5UbpxFwPII-3GzfyTgaAA2TPfzvk1sNCugOMYcEYRXYulZOosqnRq4zsQd-XjZgnPbBMpyCEQ8vwRCqXqQotJqJFy8YnuTzZ_Kn923or6ob-n2iBPxwwEJI2eBIwjB8hxz5_aTLDf-eCwXy7M4TMih_D7mRDd_lkyv6PrgK05VZMGO7248_FQNx6VQ9zinEWT3HaeAKhAUBDmvYI82biHdHp4KMJQmdcGaU-pSAknpu5jUDScZ6fifds-LPLJLjdo4GZSUtWMO8GBQLqptsdG8wuEZtW-ctRa4jjIltdhrbhjO8bg36gzNwOlFEXFOoeUBRbYN1HpS16Df8bjF0gaNk6sQ8PdOQv668-tlMDULLKoDUQdH_xB2s2HqEU1UA02Mjn14b1NT9EklU_95SQTdp2rbwfkOMo3BD3TZdaMYvfekz5DLAYZtCL-o9GEk.MAykwX1Erx9Xqo9T4SlfzA; accessToken=eyJhbGciOiJIUzI1NiIsInR5cCI6IkpXVCJ9.eyJfaWQiOiI2NmYxODUxNjFmYmQ1NzBiMzllNmExMzciLCJlbWFpbCI6InRlc3RAdGVzdC5jb20iLCJpYXQiOjE3Mjg2NTI3MjgsImV4cCI6MTcyOTUxNjcyOH0.19_YGnx0AQyYNTRgXGcvw7LEYmWEV2qzlzXANXnh1ow; refreshToken=eyJhbGciOiJIUzI1NiIsInR5cCI6IkpXVCJ9.eyJfaWQiOiI2NmYxODUxNjFmYmQ1NzBiMzllNmExMzciLCJpYXQiOjE3Mjg2NTI3MjgsImV4cCI6MTczMTI0NDcyOH0.IbwouLWPxvF97Y0YUS_lqgF1DyiXlrrAPHha4qNdKtw",
        "if-none-match": "W/\"2c69-4aLu857rOXwgQJjAjOdfGaHjMIo\""
      },
      "remoteAddress": "::1",
      "remotePort": 44606
    }
    res: {
      "statusCode": 304,
      "headers": {
        "access-control-allow-origin": "http://localhost:3000",
        "vary": "Origin",
        "access-control-allow-credentials": "true",
        "content-security-policy": "default-src 'self';base-uri 'self';font-src 'self' https: data:;form-action 'self';frame-ancestors 'self';img-src 'self' data:;object-src 'none';script-src 'self';script-src-attr 'none';style-src 'self' https: 'unsafe-inline';upgrade-insecure-requests",
        "cross-origin-opener-policy": "same-origin",
        "cross-origin-resource-policy": "same-origin",
        "origin-agent-cluster": "?1",
        "referrer-policy": "no-referrer",
        "strict-transport-security": "max-age=15552000; includeSubDomains",
        "x-content-type-options": "nosniff",
        "x-dns-prefetch-control": "off",
        "x-download-options": "noopen",
        "x-frame-options": "SAMEORIGIN",
        "x-permitted-cross-domain-policies": "none",
        "x-xss-protection": "0",
        "etag": "W/\"2c69-4aLu857rOXwgQJjAjOdfGaHjMIo\""
      }
    }
    responseTime: 90
[19:27:49.181] INFO (494019): request completed
    req: {
      "id": 4,
      "method": "GET",
      "url": "/api/users/get-current-user",
      "query": {},
      "params": {},
      "headers": {
        "host": "localhost:8000",
        "connection": "keep-alive",
        "sec-ch-ua": "\"Not)A;Brand\";v=\"99\", \"Google Chrome\";v=\"127\", \"Chromium\";v=\"127\"",
        "accept": "application/json, text/plain, */*",
        "sec-ch-ua-mobile": "?0",
        "user-agent": "Mozilla/5.0 (X11; Linux x86_64) AppleWebKit/537.36 (KHTML, like Gecko) Chrome/127.0.0.0 Safari/537.36",
        "sec-ch-ua-platform": "\"Linux\"",
        "origin": "http://localhost:3000",
        "sec-fetch-site": "same-site",
        "sec-fetch-mode": "cors",
        "sec-fetch-dest": "empty",
        "referer": "http://localhost:3000/",
        "accept-encoding": "gzip, deflate, br, zstd",
        "accept-language": "en-GB,en-US;q=0.9,en;q=0.8",
        "cookie": "next-auth.csrf-token=ae256feb2357cf8a0c5bc44d06e1e069d8568c0e21c690a40f29b4ea61ccc7ed%7C150e17ef3536537c71d3ff479e6560b81924c28c4edfe6c04b815befc9e66b85; next-auth.callback-url=http%3A%2F%2Flocalhost%3A3000%2Flogin%3Fnext%3D%25252Fdocuments; __stripe_mid=6ec8bf93-2a00-4bd9-8806-76e7c7c23d4f56caac; hideProBanner=pro-banner; next-auth.session-token=eyJhbGciOiJkaXIiLCJlbmMiOiJBMjU2R0NNIn0..jtz46dHKpek7tvyj.CIlhccUmoXVGVxQeYZGBcvBDAh7LFGnbhNqsYkPHWqK2i0jrQnJWNMr36l2T0qvTn8tf-e6PnTsImseepC5B1ZJnQ11X2Rfq3OfLwss5pLN-Hfeioihh-gyBYzzdiUYhr5dz2rcJwp59jBcpNx5UbpxFwPII-3GzfyTgaAA2TPfzvk1sNCugOMYcEYRXYulZOosqnRq4zsQd-XjZgnPbBMpyCEQ8vwRCqXqQotJqJFy8YnuTzZ_Kn923or6ob-n2iBPxwwEJI2eBIwjB8hxz5_aTLDf-eCwXy7M4TMih_D7mRDd_lkyv6PrgK05VZMGO7248_FQNx6VQ9zinEWT3HaeAKhAUBDmvYI82biHdHp4KMJQmdcGaU-pSAknpu5jUDScZ6fifds-LPLJLjdo4GZSUtWMO8GBQLqptsdG8wuEZtW-ctRa4jjIltdhrbhjO8bg36gzNwOlFEXFOoeUBRbYN1HpS16Df8bjF0gaNk6sQ8PdOQv668-tlMDULLKoDUQdH_xB2s2HqEU1UA02Mjn14b1NT9EklU_95SQTdp2rbwfkOMo3BD3TZdaMYvfekz5DLAYZtCL-o9GEk.MAykwX1Erx9Xqo9T4SlfzA; accessToken=eyJhbGciOiJIUzI1NiIsInR5cCI6IkpXVCJ9.eyJfaWQiOiI2NmYxODUxNjFmYmQ1NzBiMzllNmExMzciLCJlbWFpbCI6InRlc3RAdGVzdC5jb20iLCJpYXQiOjE3Mjg2NTI3MjgsImV4cCI6MTcyOTUxNjcyOH0.19_YGnx0AQyYNTRgXGcvw7LEYmWEV2qzlzXANXnh1ow; refreshToken=eyJhbGciOiJIUzI1NiIsInR5cCI6IkpXVCJ9.eyJfaWQiOiI2NmYxODUxNjFmYmQ1NzBiMzllNmExMzciLCJpYXQiOjE3Mjg2NTI3MjgsImV4cCI6MTczMTI0NDcyOH0.IbwouLWPxvF97Y0YUS_lqgF1DyiXlrrAPHha4qNdKtw; ph_phc_p7Xb8XW4OJELlQ8r3gRsr1GKtMUfSmEQFf0fqAkCENU_posthog=%7B%22distinct_id%22%3A%2201927bdf-0246-71ed-b295-1b5db0b386f5%22%2C%22%24sesid%22%3A%5B1728655065663%2C%2201927bdf-0240-7e93-97db-2367e68fdb21%22%2C1728655065663%5D%7D",
        "if-none-match": "W/\"33c-4jFr2gNyrxWqvsNYxypprRTNqEI\""
      },
      "remoteAddress": "::1",
      "remotePort": 54890
    }
    res: {
      "statusCode": 200,
      "headers": {
        "access-control-allow-origin": "http://localhost:3000",
        "vary": "Origin",
        "access-control-allow-credentials": "true",
        "content-security-policy": "default-src 'self';base-uri 'self';font-src 'self' https: data:;form-action 'self';frame-ancestors 'self';img-src 'self' data:;object-src 'none';script-src 'self';script-src-attr 'none';style-src 'self' https: 'unsafe-inline';upgrade-insecure-requests",
        "cross-origin-opener-policy": "same-origin",
        "cross-origin-resource-policy": "same-origin",
        "origin-agent-cluster": "?1",
        "referrer-policy": "no-referrer",
        "strict-transport-security": "max-age=15552000; includeSubDomains",
        "x-content-type-options": "nosniff",
        "x-dns-prefetch-control": "off",
        "x-download-options": "noopen",
        "x-frame-options": "SAMEORIGIN",
        "x-permitted-cross-domain-policies": "none",
        "x-xss-protection": "0",
        "content-type": "application/json; charset=utf-8",
        "content-length": "830",
        "etag": "W/\"33e-jz7UY1weEYkqkCd0ZqyBjKH9gbE\""
      }
    }
    responseTime: 292
[19:27:49.263] INFO (494019): request completed
    req: {
      "id": 5,
      "method": "GET",
      "url": "/api/users/get-current-user",
      "query": {},
      "params": {},
      "headers": {
        "host": "localhost:8000",
        "connection": "keep-alive",
        "sec-ch-ua": "\"Not)A;Brand\";v=\"99\", \"Google Chrome\";v=\"127\", \"Chromium\";v=\"127\"",
        "accept": "application/json, text/plain, */*",
        "sec-ch-ua-mobile": "?0",
        "user-agent": "Mozilla/5.0 (X11; Linux x86_64) AppleWebKit/537.36 (KHTML, like Gecko) Chrome/127.0.0.0 Safari/537.36",
        "sec-ch-ua-platform": "\"Linux\"",
        "origin": "http://localhost:3000",
        "sec-fetch-site": "same-site",
        "sec-fetch-mode": "cors",
        "sec-fetch-dest": "empty",
        "referer": "http://localhost:3000/",
        "accept-encoding": "gzip, deflate, br, zstd",
        "accept-language": "en-GB,en-US;q=0.9,en;q=0.8",
        "cookie": "next-auth.csrf-token=ae256feb2357cf8a0c5bc44d06e1e069d8568c0e21c690a40f29b4ea61ccc7ed%7C150e17ef3536537c71d3ff479e6560b81924c28c4edfe6c04b815befc9e66b85; next-auth.callback-url=http%3A%2F%2Flocalhost%3A3000%2Flogin%3Fnext%3D%25252Fdocuments; __stripe_mid=6ec8bf93-2a00-4bd9-8806-76e7c7c23d4f56caac; hideProBanner=pro-banner; next-auth.session-token=eyJhbGciOiJkaXIiLCJlbmMiOiJBMjU2R0NNIn0..jtz46dHKpek7tvyj.CIlhccUmoXVGVxQeYZGBcvBDAh7LFGnbhNqsYkPHWqK2i0jrQnJWNMr36l2T0qvTn8tf-e6PnTsImseepC5B1ZJnQ11X2Rfq3OfLwss5pLN-Hfeioihh-gyBYzzdiUYhr5dz2rcJwp59jBcpNx5UbpxFwPII-3GzfyTgaAA2TPfzvk1sNCugOMYcEYRXYulZOosqnRq4zsQd-XjZgnPbBMpyCEQ8vwRCqXqQotJqJFy8YnuTzZ_Kn923or6ob-n2iBPxwwEJI2eBIwjB8hxz5_aTLDf-eCwXy7M4TMih_D7mRDd_lkyv6PrgK05VZMGO7248_FQNx6VQ9zinEWT3HaeAKhAUBDmvYI82biHdHp4KMJQmdcGaU-pSAknpu5jUDScZ6fifds-LPLJLjdo4GZSUtWMO8GBQLqptsdG8wuEZtW-ctRa4jjIltdhrbhjO8bg36gzNwOlFEXFOoeUBRbYN1HpS16Df8bjF0gaNk6sQ8PdOQv668-tlMDULLKoDUQdH_xB2s2HqEU1UA02Mjn14b1NT9EklU_95SQTdp2rbwfkOMo3BD3TZdaMYvfekz5DLAYZtCL-o9GEk.MAykwX1Erx9Xqo9T4SlfzA; accessToken=eyJhbGciOiJIUzI1NiIsInR5cCI6IkpXVCJ9.eyJfaWQiOiI2NmYxODUxNjFmYmQ1NzBiMzllNmExMzciLCJlbWFpbCI6InRlc3RAdGVzdC5jb20iLCJpYXQiOjE3Mjg2NTI3MjgsImV4cCI6MTcyOTUxNjcyOH0.19_YGnx0AQyYNTRgXGcvw7LEYmWEV2qzlzXANXnh1ow; refreshToken=eyJhbGciOiJIUzI1NiIsInR5cCI6IkpXVCJ9.eyJfaWQiOiI2NmYxODUxNjFmYmQ1NzBiMzllNmExMzciLCJpYXQiOjE3Mjg2NTI3MjgsImV4cCI6MTczMTI0NDcyOH0.IbwouLWPxvF97Y0YUS_lqgF1DyiXlrrAPHha4qNdKtw; ph_phc_p7Xb8XW4OJELlQ8r3gRsr1GKtMUfSmEQFf0fqAkCENU_posthog=%7B%22distinct_id%22%3A%2201927bdf-0246-71ed-b295-1b5db0b386f5%22%2C%22%24sesid%22%3A%5B1728655065663%2C%2201927bdf-0240-7e93-97db-2367e68fdb21%22%2C1728655065663%5D%7D",
        "if-none-match": "W/\"33e-jz7UY1weEYkqkCd0ZqyBjKH9gbE\""
      },
      "remoteAddress": "::1",
      "remotePort": 54890
    }
    res: {
      "statusCode": 304,
      "headers": {
        "access-control-allow-origin": "http://localhost:3000",
        "vary": "Origin",
        "access-control-allow-credentials": "true",
        "content-security-policy": "default-src 'self';base-uri 'self';font-src 'self' https: data:;form-action 'self';frame-ancestors 'self';img-src 'self' data:;object-src 'none';script-src 'self';script-src-attr 'none';style-src 'self' https: 'unsafe-inline';upgrade-insecure-requests",
        "cross-origin-opener-policy": "same-origin",
        "cross-origin-resource-policy": "same-origin",
        "origin-agent-cluster": "?1",
        "referrer-policy": "no-referrer",
        "strict-transport-security": "max-age=15552000; includeSubDomains",
        "x-content-type-options": "nosniff",
        "x-dns-prefetch-control": "off",
        "x-download-options": "noopen",
        "x-frame-options": "SAMEORIGIN",
        "x-permitted-cross-domain-policies": "none",
        "x-xss-protection": "0",
        "etag": "W/\"33e-jz7UY1weEYkqkCd0ZqyBjKH9gbE\""
      }
    }
    responseTime: 71
[19:27:49.637] INFO (494019): request completed
    req: {
      "id": 6,
      "method": "GET",
      "url": "/api/posts/get-posts?page=1",
      "query": {
        "page": "1"
      },
      "params": {},
      "headers": {
        "host": "localhost:8000",
        "connection": "keep-alive",
        "sec-ch-ua": "\"Not)A;Brand\";v=\"99\", \"Google Chrome\";v=\"127\", \"Chromium\";v=\"127\"",
        "accept": "application/json, text/plain, */*",
        "sec-ch-ua-mobile": "?0",
        "user-agent": "Mozilla/5.0 (X11; Linux x86_64) AppleWebKit/537.36 (KHTML, like Gecko) Chrome/127.0.0.0 Safari/537.36",
        "sec-ch-ua-platform": "\"Linux\"",
        "origin": "http://localhost:3000",
        "sec-fetch-site": "same-site",
        "sec-fetch-mode": "cors",
        "sec-fetch-dest": "empty",
        "referer": "http://localhost:3000/",
        "accept-encoding": "gzip, deflate, br, zstd",
        "accept-language": "en-GB,en-US;q=0.9,en;q=0.8",
        "cookie": "next-auth.csrf-token=ae256feb2357cf8a0c5bc44d06e1e069d8568c0e21c690a40f29b4ea61ccc7ed%7C150e17ef3536537c71d3ff479e6560b81924c28c4edfe6c04b815befc9e66b85; next-auth.callback-url=http%3A%2F%2Flocalhost%3A3000%2Flogin%3Fnext%3D%25252Fdocuments; __stripe_mid=6ec8bf93-2a00-4bd9-8806-76e7c7c23d4f56caac; hideProBanner=pro-banner; next-auth.session-token=eyJhbGciOiJkaXIiLCJlbmMiOiJBMjU2R0NNIn0..jtz46dHKpek7tvyj.CIlhccUmoXVGVxQeYZGBcvBDAh7LFGnbhNqsYkPHWqK2i0jrQnJWNMr36l2T0qvTn8tf-e6PnTsImseepC5B1ZJnQ11X2Rfq3OfLwss5pLN-Hfeioihh-gyBYzzdiUYhr5dz2rcJwp59jBcpNx5UbpxFwPII-3GzfyTgaAA2TPfzvk1sNCugOMYcEYRXYulZOosqnRq4zsQd-XjZgnPbBMpyCEQ8vwRCqXqQotJqJFy8YnuTzZ_Kn923or6ob-n2iBPxwwEJI2eBIwjB8hxz5_aTLDf-eCwXy7M4TMih_D7mRDd_lkyv6PrgK05VZMGO7248_FQNx6VQ9zinEWT3HaeAKhAUBDmvYI82biHdHp4KMJQmdcGaU-pSAknpu5jUDScZ6fifds-LPLJLjdo4GZSUtWMO8GBQLqptsdG8wuEZtW-ctRa4jjIltdhrbhjO8bg36gzNwOlFEXFOoeUBRbYN1HpS16Df8bjF0gaNk6sQ8PdOQv668-tlMDULLKoDUQdH_xB2s2HqEU1UA02Mjn14b1NT9EklU_95SQTdp2rbwfkOMo3BD3TZdaMYvfekz5DLAYZtCL-o9GEk.MAykwX1Erx9Xqo9T4SlfzA; accessToken=eyJhbGciOiJIUzI1NiIsInR5cCI6IkpXVCJ9.eyJfaWQiOiI2NmYxODUxNjFmYmQ1NzBiMzllNmExMzciLCJlbWFpbCI6InRlc3RAdGVzdC5jb20iLCJpYXQiOjE3Mjg2NTI3MjgsImV4cCI6MTcyOTUxNjcyOH0.19_YGnx0AQyYNTRgXGcvw7LEYmWEV2qzlzXANXnh1ow; refreshToken=eyJhbGciOiJIUzI1NiIsInR5cCI6IkpXVCJ9.eyJfaWQiOiI2NmYxODUxNjFmYmQ1NzBiMzllNmExMzciLCJpYXQiOjE3Mjg2NTI3MjgsImV4cCI6MTczMTI0NDcyOH0.IbwouLWPxvF97Y0YUS_lqgF1DyiXlrrAPHha4qNdKtw; ph_phc_p7Xb8XW4OJELlQ8r3gRsr1GKtMUfSmEQFf0fqAkCENU_posthog=%7B%22distinct_id%22%3A%2201927bdf-0246-71ed-b295-1b5db0b386f5%22%2C%22%24sesid%22%3A%5B1728655065663%2C%2201927bdf-0240-7e93-97db-2367e68fdb21%22%2C1728655065663%5D%7D",
        "if-none-match": "W/\"2c69-4aLu857rOXwgQJjAjOdfGaHjMIo\""
      },
      "remoteAddress": "::1",
      "remotePort": 54890
    }
    res: {
      "statusCode": 304,
      "headers": {
        "access-control-allow-origin": "http://localhost:3000",
        "vary": "Origin",
        "access-control-allow-credentials": "true",
        "content-security-policy": "default-src 'self';base-uri 'self';font-src 'self' https: data:;form-action 'self';frame-ancestors 'self';img-src 'self' data:;object-src 'none';script-src 'self';script-src-attr 'none';style-src 'self' https: 'unsafe-inline';upgrade-insecure-requests",
        "cross-origin-opener-policy": "same-origin",
        "cross-origin-resource-policy": "same-origin",
        "origin-agent-cluster": "?1",
        "referrer-policy": "no-referrer",
        "strict-transport-security": "max-age=15552000; includeSubDomains",
        "x-content-type-options": "nosniff",
        "x-dns-prefetch-control": "off",
        "x-download-options": "noopen",
        "x-frame-options": "SAMEORIGIN",
        "x-permitted-cross-domain-policies": "none",
        "x-xss-protection": "0",
        "etag": "W/\"2c69-4aLu857rOXwgQJjAjOdfGaHjMIo\""
      }
    }
    responseTime: 198
[19:28:11.795] INFO (494019): request completed
    req: {
      "id": 7,
      "method": "GET",
      "url": "/api/community/get-all",
      "query": {},
      "params": {},
      "headers": {
        "host": "localhost:8000",
        "connection": "keep-alive",
        "sec-ch-ua": "\"Not)A;Brand\";v=\"99\", \"Google Chrome\";v=\"127\", \"Chromium\";v=\"127\"",
        "accept": "application/json, text/plain, */*",
        "sec-ch-ua-mobile": "?0",
        "user-agent": "Mozilla/5.0 (X11; Linux x86_64) AppleWebKit/537.36 (KHTML, like Gecko) Chrome/127.0.0.0 Safari/537.36",
        "sec-ch-ua-platform": "\"Linux\"",
        "origin": "http://localhost:3000",
        "sec-fetch-site": "same-site",
        "sec-fetch-mode": "cors",
        "sec-fetch-dest": "empty",
        "referer": "http://localhost:3000/",
        "accept-encoding": "gzip, deflate, br, zstd",
        "accept-language": "en-GB,en-US;q=0.9,en;q=0.8",
        "cookie": "next-auth.csrf-token=ae256feb2357cf8a0c5bc44d06e1e069d8568c0e21c690a40f29b4ea61ccc7ed%7C150e17ef3536537c71d3ff479e6560b81924c28c4edfe6c04b815befc9e66b85; next-auth.callback-url=http%3A%2F%2Flocalhost%3A3000%2Flogin%3Fnext%3D%25252Fdocuments; __stripe_mid=6ec8bf93-2a00-4bd9-8806-76e7c7c23d4f56caac; hideProBanner=pro-banner; next-auth.session-token=eyJhbGciOiJkaXIiLCJlbmMiOiJBMjU2R0NNIn0..jtz46dHKpek7tvyj.CIlhccUmoXVGVxQeYZGBcvBDAh7LFGnbhNqsYkPHWqK2i0jrQnJWNMr36l2T0qvTn8tf-e6PnTsImseepC5B1ZJnQ11X2Rfq3OfLwss5pLN-Hfeioihh-gyBYzzdiUYhr5dz2rcJwp59jBcpNx5UbpxFwPII-3GzfyTgaAA2TPfzvk1sNCugOMYcEYRXYulZOosqnRq4zsQd-XjZgnPbBMpyCEQ8vwRCqXqQotJqJFy8YnuTzZ_Kn923or6ob-n2iBPxwwEJI2eBIwjB8hxz5_aTLDf-eCwXy7M4TMih_D7mRDd_lkyv6PrgK05VZMGO7248_FQNx6VQ9zinEWT3HaeAKhAUBDmvYI82biHdHp4KMJQmdcGaU-pSAknpu5jUDScZ6fifds-LPLJLjdo4GZSUtWMO8GBQLqptsdG8wuEZtW-ctRa4jjIltdhrbhjO8bg36gzNwOlFEXFOoeUBRbYN1HpS16Df8bjF0gaNk6sQ8PdOQv668-tlMDULLKoDUQdH_xB2s2HqEU1UA02Mjn14b1NT9EklU_95SQTdp2rbwfkOMo3BD3TZdaMYvfekz5DLAYZtCL-o9GEk.MAykwX1Erx9Xqo9T4SlfzA; accessToken=eyJhbGciOiJIUzI1NiIsInR5cCI6IkpXVCJ9.eyJfaWQiOiI2NmYxODUxNjFmYmQ1NzBiMzllNmExMzciLCJlbWFpbCI6InRlc3RAdGVzdC5jb20iLCJpYXQiOjE3Mjg2NTI3MjgsImV4cCI6MTcyOTUxNjcyOH0.19_YGnx0AQyYNTRgXGcvw7LEYmWEV2qzlzXANXnh1ow; refreshToken=eyJhbGciOiJIUzI1NiIsInR5cCI6IkpXVCJ9.eyJfaWQiOiI2NmYxODUxNjFmYmQ1NzBiMzllNmExMzciLCJpYXQiOjE3Mjg2NTI3MjgsImV4cCI6MTczMTI0NDcyOH0.IbwouLWPxvF97Y0YUS_lqgF1DyiXlrrAPHha4qNdKtw; ph_phc_p7Xb8XW4OJELlQ8r3gRsr1GKtMUfSmEQFf0fqAkCENU_posthog=%7B%22distinct_id%22%3A%2201927bdf-0246-71ed-b295-1b5db0b386f5%22%2C%22%24sesid%22%3A%5B1728655088927%2C%2201927bdf-0240-7e93-97db-2367e68fdb21%22%2C1728655065663%5D%7D",
        "if-none-match": "W/\"4c4-8M192BmDbwaUYvBm+W/n4YOfYQM\""
      },
      "remoteAddress": "::1",
      "remotePort": 33268
    }
    res: {
      "statusCode": 304,
      "headers": {
        "access-control-allow-origin": "http://localhost:3000",
        "vary": "Origin",
        "access-control-allow-credentials": "true",
        "content-security-policy": "default-src 'self';base-uri 'self';font-src 'self' https: data:;form-action 'self';frame-ancestors 'self';img-src 'self' data:;object-src 'none';script-src 'self';script-src-attr 'none';style-src 'self' https: 'unsafe-inline';upgrade-insecure-requests",
        "cross-origin-opener-policy": "same-origin",
        "cross-origin-resource-policy": "same-origin",
        "origin-agent-cluster": "?1",
        "referrer-policy": "no-referrer",
        "strict-transport-security": "max-age=15552000; includeSubDomains",
        "x-content-type-options": "nosniff",
        "x-dns-prefetch-control": "off",
        "x-download-options": "noopen",
        "x-frame-options": "SAMEORIGIN",
        "x-permitted-cross-domain-policies": "none",
        "x-xss-protection": "0",
        "etag": "W/\"4c4-8M192BmDbwaUYvBm+W/n4YOfYQM\""
      }
    }
    responseTime: 42
[19:29:10.888] INFO (494019): request completed
    req: {
      "id": 8,
      "method": "POST",
      "url": "/api/community/get-community",
      "query": {},
      "params": {},
      "headers": {
        "host": "localhost:8000",
        "connection": "keep-alive",
        "content-length": "18",
        "sec-ch-ua": "\"Not)A;Brand\";v=\"99\", \"Google Chrome\";v=\"127\", \"Chromium\";v=\"127\"",
        "accept": "application/json, text/plain, */*",
        "sec-ch-ua-platform": "\"Linux\"",
        "sec-ch-ua-mobile": "?0",
        "user-agent": "Mozilla/5.0 (X11; Linux x86_64) AppleWebKit/537.36 (KHTML, like Gecko) Chrome/127.0.0.0 Safari/537.36",
        "content-type": "application/json",
        "origin": "http://localhost:3000",
        "sec-fetch-site": "same-site",
        "sec-fetch-mode": "cors",
        "sec-fetch-dest": "empty",
        "referer": "http://localhost:3000/",
        "accept-encoding": "gzip, deflate, br, zstd",
        "accept-language": "en-GB,en-US;q=0.9,en;q=0.8",
        "cookie": "next-auth.csrf-token=ae256feb2357cf8a0c5bc44d06e1e069d8568c0e21c690a40f29b4ea61ccc7ed%7C150e17ef3536537c71d3ff479e6560b81924c28c4edfe6c04b815befc9e66b85; next-auth.callback-url=http%3A%2F%2Flocalhost%3A3000%2Flogin%3Fnext%3D%25252Fdocuments; __stripe_mid=6ec8bf93-2a00-4bd9-8806-76e7c7c23d4f56caac; hideProBanner=pro-banner; next-auth.session-token=eyJhbGciOiJkaXIiLCJlbmMiOiJBMjU2R0NNIn0..jtz46dHKpek7tvyj.CIlhccUmoXVGVxQeYZGBcvBDAh7LFGnbhNqsYkPHWqK2i0jrQnJWNMr36l2T0qvTn8tf-e6PnTsImseepC5B1ZJnQ11X2Rfq3OfLwss5pLN-Hfeioihh-gyBYzzdiUYhr5dz2rcJwp59jBcpNx5UbpxFwPII-3GzfyTgaAA2TPfzvk1sNCugOMYcEYRXYulZOosqnRq4zsQd-XjZgnPbBMpyCEQ8vwRCqXqQotJqJFy8YnuTzZ_Kn923or6ob-n2iBPxwwEJI2eBIwjB8hxz5_aTLDf-eCwXy7M4TMih_D7mRDd_lkyv6PrgK05VZMGO7248_FQNx6VQ9zinEWT3HaeAKhAUBDmvYI82biHdHp4KMJQmdcGaU-pSAknpu5jUDScZ6fifds-LPLJLjdo4GZSUtWMO8GBQLqptsdG8wuEZtW-ctRa4jjIltdhrbhjO8bg36gzNwOlFEXFOoeUBRbYN1HpS16Df8bjF0gaNk6sQ8PdOQv668-tlMDULLKoDUQdH_xB2s2HqEU1UA02Mjn14b1NT9EklU_95SQTdp2rbwfkOMo3BD3TZdaMYvfekz5DLAYZtCL-o9GEk.MAykwX1Erx9Xqo9T4SlfzA; accessToken=eyJhbGciOiJIUzI1NiIsInR5cCI6IkpXVCJ9.eyJfaWQiOiI2NmYxODUxNjFmYmQ1NzBiMzllNmExMzciLCJlbWFpbCI6InRlc3RAdGVzdC5jb20iLCJpYXQiOjE3Mjg2NTI3MjgsImV4cCI6MTcyOTUxNjcyOH0.19_YGnx0AQyYNTRgXGcvw7LEYmWEV2qzlzXANXnh1ow; refreshToken=eyJhbGciOiJIUzI1NiIsInR5cCI6IkpXVCJ9.eyJfaWQiOiI2NmYxODUxNjFmYmQ1NzBiMzllNmExMzciLCJpYXQiOjE3Mjg2NTI3MjgsImV4cCI6MTczMTI0NDcyOH0.IbwouLWPxvF97Y0YUS_lqgF1DyiXlrrAPHha4qNdKtw; ph_phc_p7Xb8XW4OJELlQ8r3gRsr1GKtMUfSmEQFf0fqAkCENU_posthog=%7B%22distinct_id%22%3A%2201927bdf-0246-71ed-b295-1b5db0b386f5%22%2C%22%24sesid%22%3A%5B1728655088927%2C%2201927bdf-0240-7e93-97db-2367e68fdb21%22%2C1728655065663%5D%7D"
      },
      "remoteAddress": "::1",
      "remotePort": 46298
    }
    res: {
      "statusCode": 200,
      "headers": {
        "access-control-allow-origin": "http://localhost:3000",
        "vary": "Origin",
        "access-control-allow-credentials": "true",
        "content-security-policy": "default-src 'self';base-uri 'self';font-src 'self' https: data:;form-action 'self';frame-ancestors 'self';img-src 'self' data:;object-src 'none';script-src 'self';script-src-attr 'none';style-src 'self' https: 'unsafe-inline';upgrade-insecure-requests",
        "cross-origin-opener-policy": "same-origin",
        "cross-origin-resource-policy": "same-origin",
        "origin-agent-cluster": "?1",
        "referrer-policy": "no-referrer",
        "strict-transport-security": "max-age=15552000; includeSubDomains",
        "x-content-type-options": "nosniff",
        "x-dns-prefetch-control": "off",
        "x-download-options": "noopen",
        "x-frame-options": "SAMEORIGIN",
        "x-permitted-cross-domain-policies": "none",
        "x-xss-protection": "0",
        "content-type": "application/json; charset=utf-8",
        "content-length": "570",
        "etag": "W/\"23a-m+P7K09hEV8E3y8Pmfwnn3PXJE8\""
      }
    }
    responseTime: 133
[19:29:11.040] INFO (494019): request completed
    req: {
      "id": 9,
      "method": "POST",
      "url": "/api/posts/get-posts-by-community",
      "query": {},
      "params": {},
      "headers": {
        "host": "localhost:8000",
        "connection": "keep-alive",
        "content-length": "41",
        "sec-ch-ua": "\"Not)A;Brand\";v=\"99\", \"Google Chrome\";v=\"127\", \"Chromium\";v=\"127\"",
        "accept": "application/json, text/plain, */*",
        "sec-ch-ua-platform": "\"Linux\"",
        "sec-ch-ua-mobile": "?0",
        "user-agent": "Mozilla/5.0 (X11; Linux x86_64) AppleWebKit/537.36 (KHTML, like Gecko) Chrome/127.0.0.0 Safari/537.36",
        "content-type": "application/json",
        "origin": "http://localhost:3000",
        "sec-fetch-site": "same-site",
        "sec-fetch-mode": "cors",
        "sec-fetch-dest": "empty",
        "referer": "http://localhost:3000/",
        "accept-encoding": "gzip, deflate, br, zstd",
        "accept-language": "en-GB,en-US;q=0.9,en;q=0.8",
        "cookie": "next-auth.csrf-token=ae256feb2357cf8a0c5bc44d06e1e069d8568c0e21c690a40f29b4ea61ccc7ed%7C150e17ef3536537c71d3ff479e6560b81924c28c4edfe6c04b815befc9e66b85; next-auth.callback-url=http%3A%2F%2Flocalhost%3A3000%2Flogin%3Fnext%3D%25252Fdocuments; __stripe_mid=6ec8bf93-2a00-4bd9-8806-76e7c7c23d4f56caac; hideProBanner=pro-banner; next-auth.session-token=eyJhbGciOiJkaXIiLCJlbmMiOiJBMjU2R0NNIn0..jtz46dHKpek7tvyj.CIlhccUmoXVGVxQeYZGBcvBDAh7LFGnbhNqsYkPHWqK2i0jrQnJWNMr36l2T0qvTn8tf-e6PnTsImseepC5B1ZJnQ11X2Rfq3OfLwss5pLN-Hfeioihh-gyBYzzdiUYhr5dz2rcJwp59jBcpNx5UbpxFwPII-3GzfyTgaAA2TPfzvk1sNCugOMYcEYRXYulZOosqnRq4zsQd-XjZgnPbBMpyCEQ8vwRCqXqQotJqJFy8YnuTzZ_Kn923or6ob-n2iBPxwwEJI2eBIwjB8hxz5_aTLDf-eCwXy7M4TMih_D7mRDd_lkyv6PrgK05VZMGO7248_FQNx6VQ9zinEWT3HaeAKhAUBDmvYI82biHdHp4KMJQmdcGaU-pSAknpu5jUDScZ6fifds-LPLJLjdo4GZSUtWMO8GBQLqptsdG8wuEZtW-ctRa4jjIltdhrbhjO8bg36gzNwOlFEXFOoeUBRbYN1HpS16Df8bjF0gaNk6sQ8PdOQv668-tlMDULLKoDUQdH_xB2s2HqEU1UA02Mjn14b1NT9EklU_95SQTdp2rbwfkOMo3BD3TZdaMYvfekz5DLAYZtCL-o9GEk.MAykwX1Erx9Xqo9T4SlfzA; accessToken=eyJhbGciOiJIUzI1NiIsInR5cCI6IkpXVCJ9.eyJfaWQiOiI2NmYxODUxNjFmYmQ1NzBiMzllNmExMzciLCJlbWFpbCI6InRlc3RAdGVzdC5jb20iLCJpYXQiOjE3Mjg2NTI3MjgsImV4cCI6MTcyOTUxNjcyOH0.19_YGnx0AQyYNTRgXGcvw7LEYmWEV2qzlzXANXnh1ow; refreshToken=eyJhbGciOiJIUzI1NiIsInR5cCI6IkpXVCJ9.eyJfaWQiOiI2NmYxODUxNjFmYmQ1NzBiMzllNmExMzciLCJpYXQiOjE3Mjg2NTI3MjgsImV4cCI6MTczMTI0NDcyOH0.IbwouLWPxvF97Y0YUS_lqgF1DyiXlrrAPHha4qNdKtw; ph_phc_p7Xb8XW4OJELlQ8r3gRsr1GKtMUfSmEQFf0fqAkCENU_posthog=%7B%22distinct_id%22%3A%2201927bdf-0246-71ed-b295-1b5db0b386f5%22%2C%22%24sesid%22%3A%5B1728655088927%2C%2201927bdf-0240-7e93-97db-2367e68fdb21%22%2C1728655065663%5D%7D"
      },
      "remoteAddress": "::1",
      "remotePort": 46298
    }
    res: {
      "statusCode": 200,
      "headers": {
        "access-control-allow-origin": "http://localhost:3000",
        "vary": "Origin",
        "access-control-allow-credentials": "true",
        "content-security-policy": "default-src 'self';base-uri 'self';font-src 'self' https: data:;form-action 'self';frame-ancestors 'self';img-src 'self' data:;object-src 'none';script-src 'self';script-src-attr 'none';style-src 'self' https: 'unsafe-inline';upgrade-insecure-requests",
        "cross-origin-opener-policy": "same-origin",
        "cross-origin-resource-policy": "same-origin",
        "origin-agent-cluster": "?1",
        "referrer-policy": "no-referrer",
        "strict-transport-security": "max-age=15552000; includeSubDomains",
        "x-content-type-options": "nosniff",
        "x-dns-prefetch-control": "off",
        "x-download-options": "noopen",
        "x-frame-options": "SAMEORIGIN",
        "x-permitted-cross-domain-policies": "none",
        "x-xss-protection": "0",
        "content-type": "application/json; charset=utf-8",
        "content-length": "3669",
        "etag": "W/\"e55-axsvv9c+DlW66wuvkoJoxxTH1aU\""
      }
    }
    responseTime: 79
[19:29:17.959] INFO (494019): request completed
    req: {
      "id": 10,
      "method": "GET",
      "url": "/api/posts/get-posts?page=1",
      "query": {
        "page": "1"
      },
      "params": {},
      "headers": {
        "host": "localhost:8000",
        "connection": "keep-alive",
        "sec-ch-ua": "\"Not)A;Brand\";v=\"99\", \"Google Chrome\";v=\"127\", \"Chromium\";v=\"127\"",
        "accept": "application/json, text/plain, */*",
        "sec-ch-ua-mobile": "?0",
        "user-agent": "Mozilla/5.0 (X11; Linux x86_64) AppleWebKit/537.36 (KHTML, like Gecko) Chrome/127.0.0.0 Safari/537.36",
        "sec-ch-ua-platform": "\"Linux\"",
        "origin": "http://localhost:3000",
        "sec-fetch-site": "same-site",
        "sec-fetch-mode": "cors",
        "sec-fetch-dest": "empty",
        "referer": "http://localhost:3000/",
        "accept-encoding": "gzip, deflate, br, zstd",
        "accept-language": "en-GB,en-US;q=0.9,en;q=0.8",
        "cookie": "next-auth.csrf-token=ae256feb2357cf8a0c5bc44d06e1e069d8568c0e21c690a40f29b4ea61ccc7ed%7C150e17ef3536537c71d3ff479e6560b81924c28c4edfe6c04b815befc9e66b85; next-auth.callback-url=http%3A%2F%2Flocalhost%3A3000%2Flogin%3Fnext%3D%25252Fdocuments; __stripe_mid=6ec8bf93-2a00-4bd9-8806-76e7c7c23d4f56caac; hideProBanner=pro-banner; next-auth.session-token=eyJhbGciOiJkaXIiLCJlbmMiOiJBMjU2R0NNIn0..jtz46dHKpek7tvyj.CIlhccUmoXVGVxQeYZGBcvBDAh7LFGnbhNqsYkPHWqK2i0jrQnJWNMr36l2T0qvTn8tf-e6PnTsImseepC5B1ZJnQ11X2Rfq3OfLwss5pLN-Hfeioihh-gyBYzzdiUYhr5dz2rcJwp59jBcpNx5UbpxFwPII-3GzfyTgaAA2TPfzvk1sNCugOMYcEYRXYulZOosqnRq4zsQd-XjZgnPbBMpyCEQ8vwRCqXqQotJqJFy8YnuTzZ_Kn923or6ob-n2iBPxwwEJI2eBIwjB8hxz5_aTLDf-eCwXy7M4TMih_D7mRDd_lkyv6PrgK05VZMGO7248_FQNx6VQ9zinEWT3HaeAKhAUBDmvYI82biHdHp4KMJQmdcGaU-pSAknpu5jUDScZ6fifds-LPLJLjdo4GZSUtWMO8GBQLqptsdG8wuEZtW-ctRa4jjIltdhrbhjO8bg36gzNwOlFEXFOoeUBRbYN1HpS16Df8bjF0gaNk6sQ8PdOQv668-tlMDULLKoDUQdH_xB2s2HqEU1UA02Mjn14b1NT9EklU_95SQTdp2rbwfkOMo3BD3TZdaMYvfekz5DLAYZtCL-o9GEk.MAykwX1Erx9Xqo9T4SlfzA; accessToken=eyJhbGciOiJIUzI1NiIsInR5cCI6IkpXVCJ9.eyJfaWQiOiI2NmYxODUxNjFmYmQ1NzBiMzllNmExMzciLCJlbWFpbCI6InRlc3RAdGVzdC5jb20iLCJpYXQiOjE3Mjg2NTI3MjgsImV4cCI6MTcyOTUxNjcyOH0.19_YGnx0AQyYNTRgXGcvw7LEYmWEV2qzlzXANXnh1ow; refreshToken=eyJhbGciOiJIUzI1NiIsInR5cCI6IkpXVCJ9.eyJfaWQiOiI2NmYxODUxNjFmYmQ1NzBiMzllNmExMzciLCJpYXQiOjE3Mjg2NTI3MjgsImV4cCI6MTczMTI0NDcyOH0.IbwouLWPxvF97Y0YUS_lqgF1DyiXlrrAPHha4qNdKtw; ph_phc_p7Xb8XW4OJELlQ8r3gRsr1GKtMUfSmEQFf0fqAkCENU_posthog=%7B%22distinct_id%22%3A%2201927bdf-0246-71ed-b295-1b5db0b386f5%22%2C%22%24sesid%22%3A%5B1728655088927%2C%2201927bdf-0240-7e93-97db-2367e68fdb21%22%2C1728655065663%5D%7D",
        "if-none-match": "W/\"2c69-4aLu857rOXwgQJjAjOdfGaHjMIo\""
      },
      "remoteAddress": "::1",
      "remotePort": 56216
    }
    res: {
      "statusCode": 304,
      "headers": {
        "access-control-allow-origin": "http://localhost:3000",
        "vary": "Origin",
        "access-control-allow-credentials": "true",
        "content-security-policy": "default-src 'self';base-uri 'self';font-src 'self' https: data:;form-action 'self';frame-ancestors 'self';img-src 'self' data:;object-src 'none';script-src 'self';script-src-attr 'none';style-src 'self' https: 'unsafe-inline';upgrade-insecure-requests",
        "cross-origin-opener-policy": "same-origin",
        "cross-origin-resource-policy": "same-origin",
        "origin-agent-cluster": "?1",
        "referrer-policy": "no-referrer",
        "strict-transport-security": "max-age=15552000; includeSubDomains",
        "x-content-type-options": "nosniff",
        "x-dns-prefetch-control": "off",
        "x-download-options": "noopen",
        "x-frame-options": "SAMEORIGIN",
        "x-permitted-cross-domain-policies": "none",
        "x-xss-protection": "0",
        "etag": "W/\"2c69-4aLu857rOXwgQJjAjOdfGaHjMIo\""
      }
    }
    responseTime: 282
[19:29:28.279] INFO (494019): request completed
    req: {
      "id": 11,
      "method": "POST",
      "url": "/api/posts/get-post",
      "query": {},
      "params": {},
      "headers": {
        "host": "localhost:8000",
        "connection": "keep-alive",
        "content-length": "37",
        "sec-ch-ua": "\"Not)A;Brand\";v=\"99\", \"Google Chrome\";v=\"127\", \"Chromium\";v=\"127\"",
        "accept": "application/json, text/plain, */*",
        "sec-ch-ua-platform": "\"Linux\"",
        "sec-ch-ua-mobile": "?0",
        "user-agent": "Mozilla/5.0 (X11; Linux x86_64) AppleWebKit/537.36 (KHTML, like Gecko) Chrome/127.0.0.0 Safari/537.36",
        "content-type": "application/json",
        "origin": "http://localhost:3000",
        "sec-fetch-site": "same-site",
        "sec-fetch-mode": "cors",
        "sec-fetch-dest": "empty",
        "referer": "http://localhost:3000/",
        "accept-encoding": "gzip, deflate, br, zstd",
        "accept-language": "en-GB,en-US;q=0.9,en;q=0.8",
        "cookie": "next-auth.csrf-token=ae256feb2357cf8a0c5bc44d06e1e069d8568c0e21c690a40f29b4ea61ccc7ed%7C150e17ef3536537c71d3ff479e6560b81924c28c4edfe6c04b815befc9e66b85; next-auth.callback-url=http%3A%2F%2Flocalhost%3A3000%2Flogin%3Fnext%3D%25252Fdocuments; __stripe_mid=6ec8bf93-2a00-4bd9-8806-76e7c7c23d4f56caac; hideProBanner=pro-banner; next-auth.session-token=eyJhbGciOiJkaXIiLCJlbmMiOiJBMjU2R0NNIn0..jtz46dHKpek7tvyj.CIlhccUmoXVGVxQeYZGBcvBDAh7LFGnbhNqsYkPHWqK2i0jrQnJWNMr36l2T0qvTn8tf-e6PnTsImseepC5B1ZJnQ11X2Rfq3OfLwss5pLN-Hfeioihh-gyBYzzdiUYhr5dz2rcJwp59jBcpNx5UbpxFwPII-3GzfyTgaAA2TPfzvk1sNCugOMYcEYRXYulZOosqnRq4zsQd-XjZgnPbBMpyCEQ8vwRCqXqQotJqJFy8YnuTzZ_Kn923or6ob-n2iBPxwwEJI2eBIwjB8hxz5_aTLDf-eCwXy7M4TMih_D7mRDd_lkyv6PrgK05VZMGO7248_FQNx6VQ9zinEWT3HaeAKhAUBDmvYI82biHdHp4KMJQmdcGaU-pSAknpu5jUDScZ6fifds-LPLJLjdo4GZSUtWMO8GBQLqptsdG8wuEZtW-ctRa4jjIltdhrbhjO8bg36gzNwOlFEXFOoeUBRbYN1HpS16Df8bjF0gaNk6sQ8PdOQv668-tlMDULLKoDUQdH_xB2s2HqEU1UA02Mjn14b1NT9EklU_95SQTdp2rbwfkOMo3BD3TZdaMYvfekz5DLAYZtCL-o9GEk.MAykwX1Erx9Xqo9T4SlfzA; accessToken=eyJhbGciOiJIUzI1NiIsInR5cCI6IkpXVCJ9.eyJfaWQiOiI2NmYxODUxNjFmYmQ1NzBiMzllNmExMzciLCJlbWFpbCI6InRlc3RAdGVzdC5jb20iLCJpYXQiOjE3Mjg2NTI3MjgsImV4cCI6MTcyOTUxNjcyOH0.19_YGnx0AQyYNTRgXGcvw7LEYmWEV2qzlzXANXnh1ow; refreshToken=eyJhbGciOiJIUzI1NiIsInR5cCI6IkpXVCJ9.eyJfaWQiOiI2NmYxODUxNjFmYmQ1NzBiMzllNmExMzciLCJpYXQiOjE3Mjg2NTI3MjgsImV4cCI6MTczMTI0NDcyOH0.IbwouLWPxvF97Y0YUS_lqgF1DyiXlrrAPHha4qNdKtw; ph_phc_p7Xb8XW4OJELlQ8r3gRsr1GKtMUfSmEQFf0fqAkCENU_posthog=%7B%22distinct_id%22%3A%2201927bdf-0246-71ed-b295-1b5db0b386f5%22%2C%22%24sesid%22%3A%5B1728655088927%2C%2201927bdf-0240-7e93-97db-2367e68fdb21%22%2C1728655065663%5D%7D"
      },
      "remoteAddress": "::1",
      "remotePort": 35090
    }
    res: {
      "statusCode": 200,
      "headers": {
        "access-control-allow-origin": "http://localhost:3000",
        "vary": "Origin",
        "access-control-allow-credentials": "true",
        "content-security-policy": "default-src 'self';base-uri 'self';font-src 'self' https: data:;form-action 'self';frame-ancestors 'self';img-src 'self' data:;object-src 'none';script-src 'self';script-src-attr 'none';style-src 'self' https: 'unsafe-inline';upgrade-insecure-requests",
        "cross-origin-opener-policy": "same-origin",
        "cross-origin-resource-policy": "same-origin",
        "origin-agent-cluster": "?1",
        "referrer-policy": "no-referrer",
        "strict-transport-security": "max-age=15552000; includeSubDomains",
        "x-content-type-options": "nosniff",
        "x-dns-prefetch-control": "off",
        "x-download-options": "noopen",
        "x-frame-options": "SAMEORIGIN",
        "x-permitted-cross-domain-policies": "none",
        "x-xss-protection": "0",
        "content-type": "application/json; charset=utf-8",
        "content-length": "424",
        "etag": "W/\"1a8-mfIkPvoGNfgUMZUxqNMPmZbXUMU\""
      }
    }
    responseTime: 84
[19:29:28.756] INFO (494019): request completed
    req: {
      "id": 12,
      "method": "POST",
      "url": "/api/comments/get-comments",
      "query": {},
      "params": {},
      "headers": {
        "host": "localhost:8000",
        "connection": "keep-alive",
        "content-length": "37",
        "sec-ch-ua": "\"Not)A;Brand\";v=\"99\", \"Google Chrome\";v=\"127\", \"Chromium\";v=\"127\"",
        "accept": "application/json, text/plain, */*",
        "sec-ch-ua-platform": "\"Linux\"",
        "sec-ch-ua-mobile": "?0",
        "user-agent": "Mozilla/5.0 (X11; Linux x86_64) AppleWebKit/537.36 (KHTML, like Gecko) Chrome/127.0.0.0 Safari/537.36",
        "content-type": "application/json",
        "origin": "http://localhost:3000",
        "sec-fetch-site": "same-site",
        "sec-fetch-mode": "cors",
        "sec-fetch-dest": "empty",
        "referer": "http://localhost:3000/",
        "accept-encoding": "gzip, deflate, br, zstd",
        "accept-language": "en-GB,en-US;q=0.9,en;q=0.8",
        "cookie": "next-auth.csrf-token=ae256feb2357cf8a0c5bc44d06e1e069d8568c0e21c690a40f29b4ea61ccc7ed%7C150e17ef3536537c71d3ff479e6560b81924c28c4edfe6c04b815befc9e66b85; next-auth.callback-url=http%3A%2F%2Flocalhost%3A3000%2Flogin%3Fnext%3D%25252Fdocuments; __stripe_mid=6ec8bf93-2a00-4bd9-8806-76e7c7c23d4f56caac; hideProBanner=pro-banner; next-auth.session-token=eyJhbGciOiJkaXIiLCJlbmMiOiJBMjU2R0NNIn0..jtz46dHKpek7tvyj.CIlhccUmoXVGVxQeYZGBcvBDAh7LFGnbhNqsYkPHWqK2i0jrQnJWNMr36l2T0qvTn8tf-e6PnTsImseepC5B1ZJnQ11X2Rfq3OfLwss5pLN-Hfeioihh-gyBYzzdiUYhr5dz2rcJwp59jBcpNx5UbpxFwPII-3GzfyTgaAA2TPfzvk1sNCugOMYcEYRXYulZOosqnRq4zsQd-XjZgnPbBMpyCEQ8vwRCqXqQotJqJFy8YnuTzZ_Kn923or6ob-n2iBPxwwEJI2eBIwjB8hxz5_aTLDf-eCwXy7M4TMih_D7mRDd_lkyv6PrgK05VZMGO7248_FQNx6VQ9zinEWT3HaeAKhAUBDmvYI82biHdHp4KMJQmdcGaU-pSAknpu5jUDScZ6fifds-LPLJLjdo4GZSUtWMO8GBQLqptsdG8wuEZtW-ctRa4jjIltdhrbhjO8bg36gzNwOlFEXFOoeUBRbYN1HpS16Df8bjF0gaNk6sQ8PdOQv668-tlMDULLKoDUQdH_xB2s2HqEU1UA02Mjn14b1NT9EklU_95SQTdp2rbwfkOMo3BD3TZdaMYvfekz5DLAYZtCL-o9GEk.MAykwX1Erx9Xqo9T4SlfzA; accessToken=eyJhbGciOiJIUzI1NiIsInR5cCI6IkpXVCJ9.eyJfaWQiOiI2NmYxODUxNjFmYmQ1NzBiMzllNmExMzciLCJlbWFpbCI6InRlc3RAdGVzdC5jb20iLCJpYXQiOjE3Mjg2NTI3MjgsImV4cCI6MTcyOTUxNjcyOH0.19_YGnx0AQyYNTRgXGcvw7LEYmWEV2qzlzXANXnh1ow; refreshToken=eyJhbGciOiJIUzI1NiIsInR5cCI6IkpXVCJ9.eyJfaWQiOiI2NmYxODUxNjFmYmQ1NzBiMzllNmExMzciLCJpYXQiOjE3Mjg2NTI3MjgsImV4cCI6MTczMTI0NDcyOH0.IbwouLWPxvF97Y0YUS_lqgF1DyiXlrrAPHha4qNdKtw; ph_phc_p7Xb8XW4OJELlQ8r3gRsr1GKtMUfSmEQFf0fqAkCENU_posthog=%7B%22distinct_id%22%3A%2201927bdf-0246-71ed-b295-1b5db0b386f5%22%2C%22%24sesid%22%3A%5B1728655088927%2C%2201927bdf-0240-7e93-97db-2367e68fdb21%22%2C1728655065663%5D%7D"
      },
      "remoteAddress": "::1",
      "remotePort": 35090
    }
    res: {
      "statusCode": 200,
      "headers": {
        "access-control-allow-origin": "http://localhost:3000",
        "vary": "Origin",
        "access-control-allow-credentials": "true",
        "content-security-policy": "default-src 'self';base-uri 'self';font-src 'self' https: data:;form-action 'self';frame-ancestors 'self';img-src 'self' data:;object-src 'none';script-src 'self';script-src-attr 'none';style-src 'self' https: 'unsafe-inline';upgrade-insecure-requests",
        "cross-origin-opener-policy": "same-origin",
        "cross-origin-resource-policy": "same-origin",
        "origin-agent-cluster": "?1",
        "referrer-policy": "no-referrer",
        "strict-transport-security": "max-age=15552000; includeSubDomains",
        "x-content-type-options": "nosniff",
        "x-dns-prefetch-control": "off",
        "x-download-options": "noopen",
        "x-frame-options": "SAMEORIGIN",
        "x-permitted-cross-domain-policies": "none",
        "x-xss-protection": "0",
        "content-type": "application/json; charset=utf-8",
        "content-length": "82",
        "etag": "W/\"52-hgmI4BVIIt1sHT7/uJG3idbdZ38\""
      }
    }
    responseTime: 319
